<?xml version='1.0' encoding='UTF-8'?>
<testsuite hostname="Nihar" name="argpasstests" tests="5" errors="0" failures="0" skipped="0" time="0.038" timestamp="2022-10-24T18:59:35">
          <properties>
      <property name="java.specification.version" value="19"/><property name="sun.cpu.isalist" value="amd64"/><property name="sun.jnu.encoding" value="Cp1252"/><property name="sun.arch.data.model" value="64"/><property name="sbt.supershell" value="false"/><property name="java.vendor.url" value="https://java.oracle.com/"/><property name="sun.boot.library.path" value="C:\Users\nihar\.jdks\openjdk-19\bin"/><property name="sun.java.command" value="C:\Users\nihar\AppData\Roaming\JetBrains\IdeaIC2022.2\plugins\Scala\launcher\sbt-launch.jar early(addPluginSbtFile=&quot;&quot;&quot;C:\Users\nihar\AppData\Local\Temp\idea.sbt&quot;&quot;&quot;) ; set ideaPort in Global := 49422 ; idea-shell"/><property name="jdk.debug" value="release"/><property name="sun.stderr.encoding" value="windows-1252"/><property name="java.specification.vendor" value="Oracle Corporation"/><property name="java.version.date" value="2022-09-20"/><property name="java.home" value="C:\Users\nihar\.jdks\openjdk-19"/><property name="file.separator" value="\"/><property name="java.vm.compressedOopsMode" value="32-bit"/><property name="sun.stdout.encoding" value="windows-1252"/><property name="line.separator" value="
"/><property name="java.vm.specification.vendor" value="Oracle Corporation"/><property name="java.specification.name" value="Java Platform API Specification"/><property name="idea.installation.dir" value="C:\Program Files\JetBrains\IntelliJ IDEA Community Edition 2022.2.1"/><property name="user.script" value=""/><property name="sun.management.compiler" value="HotSpot 64-Bit Tiered Compilers"/><property name="java.runtime.version" value="19+36-2238"/><property name="user.name" value="nihar"/><property name="log4j.ignoreTCL" value="true"/><property name="file.encoding" value="UTF-8"/><property name="jnidispatch.path" value="C:\Users\nihar\AppData\Local\Temp\jna-104818430\jna1641453193638684384.dll"/><property name="jna.loaded" value="true"/><property name="java.io.tmpdir" value="C:\Users\nihar\AppData\Local\Temp\"/><property name="java.version" value="19"/><property name="java.vm.specification.name" value="Java Virtual Machine Specification"/><property name="sun.os.patch.level" value=""/><property name="native.encoding" value="Cp1252"/><property name="java.library.path" value="C:\Users\nihar\.jdks\openjdk-19\bin;C:\WINDOWS\Sun\Java\bin;C:\WINDOWS\system32;C:\WINDOWS;C:\Program Files (x86)\Common Files\Oracle\Java\javapath;C:\WINDOWS\system32;C:\WINDOWS;C:\WINDOWS\System32\Wbem;C:\WINDOWS\System32\WindowsPowerShell\v1.0\;C:\WINDOWS\System32\OpenSSH\;C:\Program Files (x86)\NVIDIA Corporation\PhysX\Common;C:\Program Files\NVIDIA Corporation\NVIDIA NvDLISR;C:\Program Files\dotnet\;C:\Program Files (x86)\sbt\bin;C:\WINDOWS\system32;C:\WINDOWS;C:\WINDOWS\System32\Wbem;C:\WINDOWS\System32\WindowsPowerShell\v1.0\;C:\WINDOWS\System32\OpenSSH\;C:\Program Files\PowerShell\7\;C:\Users\nihar\AppData\Local\Microsoft\WindowsApps;;C:\Users\nihar\AppData\Local\Coursier\data\bin;C:\Users\nihar\AppData\Local\Programs\Microsoft VS Code\bin;C:\Users\nihar\AppData\Local\Microsoft\WindowsApps;."/><property name="stderr.encoding" value="windows-1252"/><property name="java.vendor" value="Oracle Corporation"/><property name="sun.io.unicode.encoding" value="UnicodeLittle"/><property name="java.class.path" value="C:\Users\nihar\AppData\Roaming\JetBrains\IdeaIC2022.2\plugins\Scala\launcher\sbt-launch.jar"/><property name="java.vm.vendor" value="Oracle Corporation"/><property name="user.variant" value=""/><property name="jline.shutdownhook" value="false"/><property name="user.timezone" value="America/Chicago"/><property name="java.vm.specification.version" value="19"/><property name="os.name" value="Windows 11"/><property name="sun.java.launcher" value="SUN_STANDARD"/><property name="user.country" value="IN"/><property name="sun.cpu.endian" value="little"/><property name="user.home" value="C:\Users\nihar"/><property name="user.language" value="en"/><property name="swoval.tmpdir" value="C:\Users\nihar\.sbt\1.0"/><property name="jline.esc.timeout" value="0"/><property name="stdout.encoding" value="windows-1252"/><property name="path.separator" value=";"/><property name="os.version" value="10.0"/><property name="jna.nosys" value="true"/><property name="java.runtime.name" value="OpenJDK Runtime Environment"/><property name="sbt.log.noformat" value="true"/><property name="java.vm.name" value="OpenJDK 64-Bit Server VM"/><property name="java.vendor.url.bug" value="https://bugreport.java.com/bugreport/"/><property name="user.dir" value="C:\Users\nihar\CSC 447\hw"/><property name="os.arch" value="amd64"/><property name="idea.managed" value="true"/><property name="java.vm.info" value="mixed mode, sharing"/><property name="java.vm.version" value="19+36-2238"/><property name="java.class.version" value="63.0"/>
    </properties>
          <testcase classname="argpasstests" name="EX01 - refint1" time="0.024">
                      
                    </testcase><testcase classname="argpasstests" name="EX02 - refint2" time="0.0">
                      
                    </testcase><testcase classname="argpasstests" name="EX03 - refint3" time="0.0">
                      
                    </testcase><testcase classname="argpasstests" name="EX04 - refint4" time="0.0">
                      
                    </testcase><testcase classname="argpasstests" name="EX05 - refint5" time="0.014">
                      
                    </testcase>
          <system-out><![CDATA[]]></system-out>
          <system-err><![CDATA[]]></system-err>
        </testsuite>